2025-06-10 14:05:32,578 - app.main - INFO - Запуск drone-flight-predictor v1.0.0
2025-06-10 14:05:52,357 - app.main - INFO - Остановка сервиса
2025-06-10 14:05:54,983 - app.main - INFO - Запуск drone-flight-predictor v1.0.0
2025-06-10 14:06:08,443 - app.main - INFO - Остановка сервиса
2025-06-10 14:06:11,428 - app.main - INFO - Запуск drone-flight-predictor v1.0.0
2025-06-10 14:06:12,846 - app.main - INFO - Остановка сервиса
2025-06-10 14:06:15,598 - app.main - INFO - Запуск drone-flight-predictor v1.0.0
2025-06-10 14:06:15,599 - app.main - INFO - Остановка сервиса
2025-06-10 14:06:18,036 - app.main - INFO - Запуск drone-flight-predictor v1.0.0
2025-06-10 14:07:09,218 - app.main - INFO - Остановка сервиса
2025-06-10 14:07:12,115 - app.main - INFO - Запуск drone-flight-predictor v1.0.0
2025-06-10 14:07:14,549 - app.main - INFO - Остановка сервиса
2025-06-10 14:07:17,111 - app.main - INFO - Запуск drone-flight-predictor v1.0.0
2025-06-10 14:07:50,095 - app.main - INFO - Остановка сервиса
2025-06-10 14:07:52,670 - app.main - INFO - Запуск drone-flight-predictor v1.0.0
2025-06-10 14:07:52,670 - app.main - INFO - Остановка сервиса
2025-06-10 14:07:55,080 - app.main - INFO - Запуск drone-flight-predictor v1.0.0
2025-06-10 14:09:29,082 - app.main - INFO - Остановка сервиса
2025-06-10 14:09:32,053 - app.main - INFO - Запуск drone-flight-predictor v1.0.0
2025-06-10 14:14:15,701 - app.main - INFO - Остановка сервиса
2025-06-10 14:14:18,266 - app.main - INFO - Запуск drone-flight-predictor v1.0.0
2025-06-10 14:14:51,884 - app.main - INFO - Остановка сервиса
2025-06-10 14:14:55,000 - app.main - INFO - Запуск drone-flight-predictor v1.0.0
2025-06-10 14:15:24,429 - app.main - INFO - Запуск drone-flight-predictor v1.0.0
2025-06-10 14:15:24,430 - app.main - INFO - Остановка сервиса
2025-06-10 14:16:56,880 - app.main - INFO - Запуск drone-flight-predictor v1.0.0
2025-06-10 14:16:56,881 - app.main - INFO - Остановка сервиса
2025-06-10 14:17:13,348 - app.main - INFO - Запуск drone-flight-predictor v1.0.0
2025-06-10 14:23:20,152 - app.main - INFO - Остановка сервиса
2025-06-10 14:23:23,870 - app.main - INFO - Запуск drone-flight-predictor v1.0.0
2025-06-10 14:24:22,558 - app.main - INFO - Остановка сервиса
2025-06-10 14:24:25,281 - app.main - INFO - Запуск drone-flight-predictor v1.0.0
2025-06-10 14:24:29,894 - app.main - INFO - Остановка сервиса
2025-06-10 14:24:32,531 - app.main - INFO - Запуск drone-flight-predictor v1.0.0
2025-06-10 14:24:35,855 - app.main - INFO - Остановка сервиса
2025-06-10 14:24:38,538 - app.main - INFO - Запуск drone-flight-predictor v1.0.0
2025-06-10 14:24:57,192 - app.main - INFO - Остановка сервиса
2025-06-10 14:24:59,828 - app.main - INFO - Запуск drone-flight-predictor v1.0.0
2025-06-10 14:25:28,629 - app.main - INFO - Остановка сервиса
2025-06-10 14:25:31,708 - app.main - INFO - Запуск drone-flight-predictor v1.0.0
2025-06-10 14:26:05,208 - app.main - INFO - Остановка сервиса
2025-06-10 14:26:08,004 - app.main - INFO - Запуск drone-flight-predictor v1.0.0
2025-06-10 14:28:32,030 - app.main - INFO - Остановка сервиса
2025-06-10 14:28:34,698 - app.main - INFO - Запуск drone-flight-predictor v1.0.0
2025-06-10 14:28:55,997 - app.main - INFO - Остановка сервиса
2025-06-10 14:36:46,675 - app.main - INFO - Запуск drone-flight-predictor v1.0.0
2025-06-10 14:45:08,145 - app.main - INFO - Запуск drone-flight-predictor v1.0.0
2025-06-10 14:45:08,146 - app.main - INFO - Остановка сервиса
2025-06-10 14:45:28,946 - app.main - INFO - Запуск drone-flight-predictor v1.0.0
2025-06-11 16:00:04,010 - app.main - INFO - Запуск drone-flight-predictor v1.0.0
2025-06-11 16:00:22,067 - app.main - INFO - Остановка сервиса
2025-06-11 16:23:21,320 - app.main - INFO - Запуск drone-flight-predictor v1.0.0
2025-06-11 16:40:14,384 - app.main - INFO - Запуск drone-flight-predictor v1.0.0
2025-06-11 16:40:14,385 - app.main - INFO - Остановка сервиса
2025-06-11 16:40:28,403 - app.main - INFO - Остановка сервиса
2025-06-11 16:40:33,784 - app.main - INFO - Запуск drone-flight-predictor v1.0.0
2025-06-11 16:48:55,656 - app.main - INFO - Запуск drone-flight-predictor v1.0.0
2025-06-16 10:12:57,394 - app.main - INFO - Запуск drone-flight-predictor v1.0.0
2025-06-16 10:13:39,265 - app.api.predict - INFO - Kinematic-only prediction used
2025-06-16 10:13:39,265 - app.api.predict - INFO - Input points: [[0.0, 0.0, 0.0], [1.0, 3.0, 1.0], [2.0, 4.0, 4.0], [6.0, 5.0, 6.0], [8.0, 8.0, 7.0]]
2025-06-16 10:13:39,265 - app.api.predict - INFO - Final prediction: [9.0, 12.0, 7.5]
2025-06-16 10:14:50,991 - app.api.predict - INFO - Kinematic-only prediction used
2025-06-16 10:14:50,991 - app.api.predict - INFO - Input points: [[0.0, 0.0, 0.0], [2.0, 3.0, 3.0], [4.0, 4.0, 4.0], [6.0, 5.0, 6.0], [7.0, 8.0, 9.0]]
2025-06-16 10:14:50,991 - app.api.predict - INFO - Final prediction: [7.5, 12.0, 12.5]
2025-06-16 10:35:07,497 - app.api.predict - INFO - Kinematic-only prediction used
2025-06-16 10:35:07,497 - app.api.predict - INFO - Input points: [[0.0, 0.0, 0.0], [2.0, 3.0, 3.0], [4.0, 4.0, 4.0], [6.0, 5.0, 6.0], [7.0, 8.0, 9.0]]
2025-06-16 10:35:07,498 - app.api.predict - INFO - Final prediction: [7.5, 12.0, 12.5]
2025-06-16 10:35:13,582 - app.api.predict - INFO - Kinematic-only prediction used
2025-06-16 10:35:13,583 - app.api.predict - INFO - Input points: [[0.0, 0.0, 0.0], [2.0, 3.0, 3.0], [4.0, 4.0, 4.0], [6.0, 5.0, 6.0], [7.0, 8.0, 15.0]]
2025-06-16 10:35:13,583 - app.api.predict - INFO - Final prediction: [7.5, 12.0, 27.5]
2025-06-16 10:43:02,354 - app.api.predict - INFO - Kinematic-only prediction used
2025-06-16 10:43:02,550 - app.api.predict - INFO - Input points: [[0.0, 0.0, 0.0], [1.0, 1.0, 1.0], [2.0, 2.0, 2.0], [3.0, 3.0, 3.0], [4.0, 4.0, 4.0]]
2025-06-16 10:43:02,550 - app.api.predict - INFO - Final prediction: [5.0, 5.0, 5.0]
2025-06-16 10:46:04,723 - app.main - INFO - Запуск drone-flight-predictor v1.0.0
2025-06-16 10:46:11,371 - app.api.predict - INFO - Kinematic-only prediction used
2025-06-16 10:46:11,372 - app.api.predict - INFO - Input points: [[0.0, 0.0, 0.0], [1.0, 1.0, 1.0], [2.0, 2.0, 2.0], [3.0, 3.0, 3.0], [4.0, 4.0, 4.0]]
2025-06-16 10:46:11,372 - app.api.predict - INFO - Final prediction: [5.0, 5.0, 5.0]
2025-06-16 10:46:38,731 - app.main - INFO - Остановка сервиса
2025-06-16 10:46:41,322 - app.main - INFO - Запуск drone-flight-predictor v1.0.0
2025-06-16 10:46:53,982 - app.main - INFO - Остановка сервиса
2025-06-16 10:46:56,287 - app.main - INFO - Запуск drone-flight-predictor v1.0.0
2025-06-16 10:47:04,881 - app.api.predict - INFO - Kinematic-only prediction used
2025-06-16 10:47:04,881 - app.api.predict - INFO - Input points: [[0.0, 0.0, 0.0], [1.0, 1.0, 1.0], [4.0, 4.0, 4.0], [6.0, 6.0, 6.0], [7.0, 7.0, 7.0]]
2025-06-16 10:47:04,882 - app.api.predict - INFO - Final prediction: [7.5, 7.5, 7.5]
